

Processing HomeController#index (for 127.0.0.1 at 2009-08-14 22:59:18) [GET]
Rendering home/index
Completed in 13ms (View: 11, DB: 0) | 200 OK [http://localhost/]
  [4;36;1mSQL (14.0ms)[0m   [0;1m SELECT name
 FROM sqlite_master
 WHERE type = 'table' AND NOT name = 'sqlite_sequence'
[0m
  [4;35;1mSQL (0.0ms)[0m   [0mselect sqlite_version(*)[0m
  [4;36;1mSQL (7.0ms)[0m   [0;1mCREATE TABLE "schema_migrations" ("version" varchar(255) NOT NULL) [0m
  [4;35;1mSQL (6.0ms)[0m   [0mCREATE UNIQUE INDEX "unique_schema_migrations" ON "schema_migrations" ("version")[0m
  [4;36;1mSQL (0.0ms)[0m   [0;1m SELECT name
 FROM sqlite_master
 WHERE type = 'table' AND NOT name = 'sqlite_sequence'
[0m
  [4;35;1mSQL (0.0ms)[0m   [0mSELECT version FROM schema_migrations[0m
Migrating to CreatePosts (20090814210119)
  [4;36;1mSQL (1.0ms)[0m   [0;1mCREATE TABLE "posts" ("id" INTEGER PRIMARY KEY AUTOINCREMENT NOT NULL, "name" varchar(255), "title" varchar(255), "content" text, "created_at" datetime, "updated_at" datetime) [0m
  [4;35;1mSQL (0.0ms)[0m   [0mINSERT INTO schema_migrations (version) VALUES ('20090814210119')[0m
  [4;36;1mSQL (0.0ms)[0m   [0;1m SELECT name
 FROM sqlite_master
 WHERE type = 'table' AND NOT name = 'sqlite_sequence'
[0m
  [4;35;1mSQL (1.0ms)[0m   [0mSELECT version FROM schema_migrations[0m
  [4;36;1mSQL (0.0ms)[0m   [0;1m SELECT name
 FROM sqlite_master
 WHERE type = 'table' AND NOT name = 'sqlite_sequence'
[0m
  [4;35;1mSQL (0.0ms)[0m   [0mPRAGMA index_list("posts")[0m


Processing HomeController#index (for 127.0.0.1 at 2009-08-14 23:04:12) [GET]
Rendering home/index

ActionView::TemplateError (undefined local variable or method `posts_path' for #<ActionView::Base:0x58da20c>) on line #2 of app/views/home/index.html.erb:
1: <h1>Welcome to my Blok</h1>
2: <%= link_to "My Blok", posts_path %>

    app/views/home/index.html.erb:2

Rendered rescues/_trace (63.0ms)
Rendered rescues/_request_and_response (4.0ms)
Rendering rescues/layout (internal_server_error)


Processing HomeController#index (for 127.0.0.1 at 2009-08-14 23:06:38) [GET]
Rendering home/index

ActionView::TemplateError (undefined local variable or method `posts_path' for #<ActionView::Base:0x57983d0>) on line #2 of app/views/home/index.html.erb:
1: <h1>Welcome to my Blok!</h1>
2: <%= link_to "My Blog", posts_path %>

    app/views/home/index.html.erb:2

Rendered rescues/_trace (157.0ms)
Rendered rescues/_request_and_response (0.0ms)
Rendering rescues/layout (internal_server_error)


Processing HomeController#index (for 127.0.0.1 at 2009-08-14 23:07:18) [GET]
Rendering home/index

ActionView::TemplateError (undefined local variable or method `posts' for #<ActionView::Base:0x592cf20>) on line #2 of app/views/home/index.html.erb:
1: <h1>Welcome to my Blok!</h1>
2: <%= link_to "My Blog", posts %>

    app/views/home/index.html.erb:2

Rendered rescues/_trace (60.0ms)
Rendered rescues/_request_and_response (0.0ms)
Rendering rescues/layout (internal_server_error)


Processing HomeController#index (for 127.0.0.1 at 2009-08-14 23:09:01) [GET]
Rendering home/index
Completed in 11ms (View: 8, DB: 0) | 200 OK [http://localhost/]


Processing HomeController#index (for 127.0.0.1 at 2009-08-14 23:17:36) [GET]
Rendering home/index

ActionView::TemplateError (undefined local variable or method `posts_path' for #<ActionView::Base:0x57dbaf4>) on line #2 of app/views/home/index.html.erb:
1: <h1>Welcome to my Blok!</h1>
2: <%= link_to "My Blok", posts_path %>

    app/views/home/index.html.erb:2

Rendered rescues/_trace (59.0ms)
Rendered rescues/_request_and_response (0.0ms)
Rendering rescues/layout (internal_server_error)


Processing HomeController#index (for 127.0.0.1 at 2009-08-14 23:18:17) [GET]
Rendering home/index
Completed in 3ms (View: 1, DB: 0) | 200 OK [http://localhost/]


Processing PostsController#index (for 127.0.0.1 at 2009-08-14 23:18:21) [GET]
  [4;36;1mPost Load (0.0ms)[0m   [0;1mSELECT * FROM "posts" [0m
Rendering template within layouts/posts
Rendering posts/index
Completed in 32ms (View: 22, DB: 0) | 200 OK [http://localhost/posts]


Processing PostsController#new (for 127.0.0.1 at 2009-08-14 23:18:26) [GET]
Rendering template within layouts/posts
Rendering posts/new
Completed in 19ms (View: 10, DB: 0) | 200 OK [http://localhost/posts/new]


Processing PostsController#create (for 127.0.0.1 at 2009-08-14 23:31:39) [POST]
  Parameters: {"commit"=>"Create", "authenticity_token"=>"aejFF1ZMxodvW1yzkH1mIg0lsAhCewFeQWcn/rVqZmA=", "post"=>{"name"=>"Test", "title"=>"Testing", "content"=>"Testing"}}
  [4;35;1mPost Create (0.0ms)[0m   [0mINSERT INTO "posts" ("name", "updated_at", "title", "content", "created_at") VALUES('Test', '2009-08-14 21:31:39', 'Testing', 'Testing', '2009-08-14 21:31:39')[0m
Redirected to http://localhost:3000/posts/1
Completed in 74ms (DB: 0) | 302 Found [http://localhost/posts]


Processing PostsController#show (for 127.0.0.1 at 2009-08-14 23:31:40) [GET]
  Parameters: {"id"=>"1"}
  [4;36;1mPost Load (0.0ms)[0m   [0;1mSELECT * FROM "posts" WHERE ("posts"."id" = 1) [0m
Rendering template within layouts/posts
Rendering posts/show
Completed in 35ms (View: 14, DB: 0) | 200 OK [http://localhost/posts/1]


Processing PostsController#index (for 127.0.0.1 at 2009-08-14 23:31:46) [GET]
  [4;35;1mPost Load (1.0ms)[0m   [0mSELECT * FROM "posts" [0m
Rendering template within layouts/posts
Rendering posts/index
Completed in 20ms (View: 5, DB: 1) | 200 OK [http://localhost/posts]


Processing PostsController#new (for 127.0.0.1 at 2009-08-14 23:49:38) [GET]
Rendering template within layouts/posts
Rendering posts/new
Rendered posts/_form (6.0ms)
Completed in 27ms (View: 19, DB: 0) | 200 OK [http://localhost/posts/new]


Processing HomeController#index (for 127.0.0.1 at 2009-08-14 23:49:48) [GET]
Rendering home/index
Completed in 3ms (View: 1, DB: 0) | 200 OK [http://localhost/]


Processing PostsController#index (for 127.0.0.1 at 2009-08-14 23:49:51) [GET]
  [4;36;1mPost Load (2.0ms)[0m   [0;1mSELECT * FROM "posts" [0m
Rendering template within layouts/posts
Rendering posts/index
Completed in 26ms (View: 12, DB: 2) | 200 OK [http://localhost/posts]


Processing PostsController#show (for 127.0.0.1 at 2009-08-14 23:49:54) [GET]
  Parameters: {"id"=>"1"}
  [4;35;1mPost Load (0.0ms)[0m   [0mSELECT * FROM "posts" WHERE ("posts"."id" = 1) [0m
Rendering template within layouts/posts
Rendering posts/show
Completed in 22ms (View: 6, DB: 0) | 200 OK [http://localhost/posts/1]


Processing PostsController#edit (for 127.0.0.1 at 2009-08-14 23:49:57) [GET]
  Parameters: {"id"=>"1"}
  [4;36;1mPost Load (1.0ms)[0m   [0;1mSELECT * FROM "posts" WHERE ("posts"."id" = 1) [0m
Rendering template within layouts/posts
Rendering posts/edit
Rendered posts/_form (3.0ms)
Completed in 18ms (View: 10, DB: 1) | 200 OK [http://localhost/posts/1/edit]


Processing PostsController#update (for 127.0.0.1 at 2009-08-14 23:50:03) [PUT]
  Parameters: {"commit"=>"Save", "authenticity_token"=>"aejFF1ZMxodvW1yzkH1mIg0lsAhCewFeQWcn/rVqZmA=", "post"=>{"name"=>"Test", "title"=>"Testing", "content"=>"Testing"}, "id"=>"1"}
  [4;35;1mPost Load (0.0ms)[0m   [0mSELECT * FROM "posts" WHERE ("posts"."id" = 1) [0m
Redirected to http://localhost:3000/posts/1
Completed in 12ms (DB: 0) | 302 Found [http://localhost/posts/1]


Processing PostsController#show (for 127.0.0.1 at 2009-08-14 23:50:04) [GET]
  Parameters: {"id"=>"1"}
  [4;36;1mPost Load (0.0ms)[0m   [0;1mSELECT * FROM "posts" WHERE ("posts"."id" = 1) [0m
Rendering template within layouts/posts
Rendering posts/show
Completed in 13ms (View: 4, DB: 0) | 200 OK [http://localhost/posts/1]


Processing PostsController#index (for 127.0.0.1 at 2009-08-14 23:50:08) [GET]
  [4;35;1mPost Load (0.0ms)[0m   [0mSELECT * FROM "posts" [0m
Rendering template within layouts/posts
Rendering posts/index
Completed in 14ms (View: 6, DB: 0) | 200 OK [http://localhost/posts]


Processing PostsController#new (for 127.0.0.1 at 2009-08-14 23:50:12) [GET]
Rendering template within layouts/posts
Rendering posts/new
Rendered posts/_form (5.0ms)
Completed in 25ms (View: 10, DB: 0) | 200 OK [http://localhost/posts/new]


Processing PostsController#index (for 127.0.0.1 at 2009-08-14 23:50:23) [GET]
  [4;36;1mPost Load (1.0ms)[0m   [0;1mSELECT * FROM "posts" [0m
Rendering template within layouts/posts
Rendering posts/index
Completed in 14ms (View: 5, DB: 1) | 200 OK [http://localhost/posts]


Processing PostsController#new (for 127.0.0.1 at 2009-08-14 23:50:27) [GET]
Rendering template within layouts/posts
Rendering posts/new
Rendered posts/_form (3.0ms)
Completed in 14ms (View: 6, DB: 0) | 200 OK [http://localhost/posts/new]


Processing PostsController#new (for 127.0.0.1 at 2009-08-14 23:51:15) [GET]
Rendering template within layouts/posts
Rendering posts/new
Rendered posts/_form (5.0ms)
Completed in 32ms (View: 17, DB: 0) | 200 OK [http://localhost/posts/new]


Processing PostsController#create (for 127.0.0.1 at 2009-08-14 23:52:08) [POST]
  Parameters: {"commit"=>"Save", "authenticity_token"=>"aejFF1ZMxodvW1yzkH1mIg0lsAhCewFeQWcn/rVqZmA=", "post"=>{"name"=>"Test2", "title"=>"Testing2", "content"=>"Testing3"}}
  [4;35;1mPost Create (1.0ms)[0m   [0mINSERT INTO "posts" ("name", "updated_at", "title", "content", "created_at") VALUES('Test2', '2009-08-14 21:52:08', 'Testing2', 'Testing3', '2009-08-14 21:52:08')[0m
Redirected to http://localhost:3000/posts/2
Completed in 24ms (DB: 1) | 302 Found [http://localhost/posts]


Processing PostsController#show (for 127.0.0.1 at 2009-08-14 23:52:09) [GET]
  Parameters: {"id"=>"2"}
  [4;36;1mPost Load (1.0ms)[0m   [0;1mSELECT * FROM "posts" WHERE ("posts"."id" = 2) [0m
Rendering template within layouts/posts
Rendering posts/show
Completed in 23ms (View: 7, DB: 1) | 200 OK [http://localhost/posts/2]


Processing PostsController#index (for 127.0.0.1 at 2009-08-14 23:52:13) [GET]
  [4;35;1mPost Load (1.0ms)[0m   [0mSELECT * FROM "posts" [0m
Rendering template within layouts/posts
Rendering posts/index
Completed in 19ms (View: 9, DB: 1) | 200 OK [http://localhost/posts]
  [4;36;1mSQL (1.0ms)[0m   [0;1m SELECT name
 FROM sqlite_master
 WHERE type = 'table' AND NOT name = 'sqlite_sequence'
[0m
  [4;35;1mSQL (1.0ms)[0m   [0mSELECT version FROM schema_migrations[0m
Migrating to CreatePosts (20090814210119)
Migrating to CreateComments (20090814215319)
  [4;36;1mSQL (0.0ms)[0m   [0;1mselect sqlite_version(*)[0m
  [4;35;1mSQL (1.0ms)[0m   [0mCREATE TABLE "comments" ("id" INTEGER PRIMARY KEY AUTOINCREMENT NOT NULL, "commenter" varchar(255), "body" text, "post_id" integer, "created_at" datetime, "updated_at" datetime) [0m
  [4;36;1mSQL (1.0ms)[0m   [0;1mINSERT INTO schema_migrations (version) VALUES ('20090814215319')[0m
  [4;35;1mSQL (0.0ms)[0m   [0m SELECT name
 FROM sqlite_master
 WHERE type = 'table' AND NOT name = 'sqlite_sequence'
[0m
  [4;36;1mSQL (0.0ms)[0m   [0;1mSELECT version FROM schema_migrations[0m
  [4;35;1mSQL (0.0ms)[0m   [0m SELECT name
 FROM sqlite_master
 WHERE type = 'table' AND NOT name = 'sqlite_sequence'
[0m
  [4;36;1mSQL (0.0ms)[0m   [0;1mPRAGMA index_list("comments")[0m
  [4;35;1mSQL (0.0ms)[0m   [0mPRAGMA index_list("posts")[0m


Processing PostsController#show (for 127.0.0.1 at 2009-08-15 00:15:46) [GET]
  Parameters: {"id"=>"1"}
  [4;36;1mPost Load (1.0ms)[0m   [0;1mSELECT * FROM "posts" WHERE ("posts"."id" = 1) [0m
Rendering template within layouts/posts
Rendering posts/show
Completed in 48ms (View: 4, DB: 1) | 200 OK [http://localhost/posts/1]


Processing PostsController#edit (for 127.0.0.1 at 2009-08-15 00:15:50) [GET]
  Parameters: {"id"=>"1"}
  [4;35;1mPost Load (0.0ms)[0m   [0mSELECT * FROM "posts" WHERE ("posts"."id" = 1) [0m
Rendering template within layouts/posts
Rendering posts/edit
Rendered posts/_form (4.0ms)
Completed in 17ms (View: 6, DB: 0) | 200 OK [http://localhost/posts/1/edit]


Processing CommentsController#index (for 127.0.0.1 at 2009-08-15 00:16:01) [GET]

ActiveRecord::RecordNotFound (Couldn't find Post without an ID):
  app/controllers/comments_controller.rb:3:in `index'

Rendered rescues/_trace (68.0ms)
Rendered rescues/_request_and_response (1.0ms)
Rendering rescues/layout (not_found)
